0 info it worked if it ends with ok
1 verbose cli [ '/Users/evan/.nvm/versions/node/v6.2.0/bin/node',
1 verbose cli   '/Users/evan/.nvm/versions/node/v6.2.0/bin/npm',
1 verbose cli   'run',
1 verbose cli   'build' ]
2 info using npm@3.8.9
3 info using node@v6.2.0
4 verbose run-script [ 'prebuild', 'build', 'postbuild' ]
5 info lifecycle turbo-components@~prebuild: turbo-components@
6 silly lifecycle turbo-components@~prebuild: no script for prebuild, continuing
7 info lifecycle turbo-components@~build: turbo-components@
8 verbose lifecycle turbo-components@~build: unsafe-perm in lifecycle true
9 verbose lifecycle turbo-components@~build: PATH: /Users/evan/.nvm/versions/node/v6.2.0/lib/node_modules/npm/bin/node-gyp-bin:/Users/evan/Sites/il7/github/turbo/turbo-components/node_modules/.bin:/Users/evan/.nvm/versions/node/v6.2.0/bin:/Users/evan/.nvm/versions/node/v6.2.0/bin:/usr/local/heroku/bin:/Users/evan/.rvm/gems/ruby-2.2.2/bin:/Users/evan/.rvm/gems/ruby-2.2.2@global/bin:/Users/evan/.rvm/rubies/ruby-2.2.2/bin:/usr/local/bin:/usr/bin:/bin:/usr/sbin:/sbin:/Users/evan/.rvm/bin
10 verbose lifecycle turbo-components@~build: CWD: /Users/evan/Sites/il7/github/turbo/turbo-components
11 silly lifecycle turbo-components@~build: Args: [ '-c', 'gulp build' ]
12 silly lifecycle turbo-components@~build: Returned: code: 1  signal: null
13 info lifecycle turbo-components@~build: Failed to exec build script
14 verbose stack Error: turbo-components@ build: `gulp build`
14 verbose stack Exit status 1
14 verbose stack     at EventEmitter.<anonymous> (/Users/evan/.nvm/versions/node/v6.2.0/lib/node_modules/npm/lib/utils/lifecycle.js:245:16)
14 verbose stack     at emitTwo (events.js:106:13)
14 verbose stack     at EventEmitter.emit (events.js:191:7)
14 verbose stack     at ChildProcess.<anonymous> (/Users/evan/.nvm/versions/node/v6.2.0/lib/node_modules/npm/lib/utils/spawn.js:24:14)
14 verbose stack     at emitTwo (events.js:106:13)
14 verbose stack     at ChildProcess.emit (events.js:191:7)
14 verbose stack     at maybeClose (internal/child_process.js:850:16)
14 verbose stack     at Process.ChildProcess._handle.onexit (internal/child_process.js:215:5)
15 verbose pkgid turbo-components@
16 verbose cwd /Users/evan/Sites/il7/github/turbo/turbo-components
17 error Darwin 15.6.0
18 error argv "/Users/evan/.nvm/versions/node/v6.2.0/bin/node" "/Users/evan/.nvm/versions/node/v6.2.0/bin/npm" "run" "build"
19 error node v6.2.0
20 error npm  v3.8.9
21 error code ELIFECYCLE
22 error turbo-components@ build: `gulp build`
22 error Exit status 1
23 error Failed at the turbo-components@ build script 'gulp build'.
23 error Make sure you have the latest version of node.js and npm installed.
23 error If you do, this is most likely a problem with the turbo-components package,
23 error not with npm itself.
23 error Tell the author that this fails on your system:
23 error     gulp build
23 error You can get information on how to open an issue for this project with:
23 error     npm bugs turbo-components
23 error Or if that isn't available, you can get their info via:
23 error     npm owner ls turbo-components
23 error There is likely additional logging output above.
24 verbose exit [ 1, true ]
